2019-09-13 00:56:00,707  INFO [main] FunctionLibrary:27 - Setting Browser Config
2019-09-13 00:56:11,651  INFO [main] FunctionLibrary:37 - opening website..
2019-09-13 00:56:17,421  INFO [main] FunctionLibrary:98 - Typing   mobile   Into  twotabsearchtextbox
2019-09-13 00:56:18,097  INFO [main] FunctionLibrary:51 - Clicking on //*[@id="nav-search"]/form/div[2]/div/input
2019-09-13 00:56:22,163  INFO [main] FunctionLibrary:51 - Clicking on //*[@id="p_n_operating_system_browse-bin/1485077031"]/span/a/div/label/input
2019-09-13 00:56:29,238  INFO [main] FunctionLibrary:51 - Clicking on //*[@id="p_89/Mi"]/span/a/span
2019-09-13 00:56:35,164  INFO [main] FunctionLibrary:51 - Clicking on //*[contains(text(),'?5,000 - ?10,000')]
2019-09-13 00:56:38,109  INFO [main] FunctionLibrary:51 - Clicking on //*[contains(text(),'Redmi 6 Pro (Black, 3GB RAM, 32GB Storage)')]
2019-09-13 00:56:38,485  INFO [main] FunctionLibrary:84 - changing Driver Focus
2019-09-13 00:56:39,724  INFO [main] FunctionLibrary:51 - Clicking on //*[@id='add-to-cart-button']
2019-09-13 00:56:42,531  INFO [main] FunctionLibrary:51 - Clicking on //*[@id="hlb-view-cart-announce"]
2019-09-13 00:56:45,382  INFO [main] FunctionLibrary:43 - performing Selection Action.
2019-09-13 00:56:46,421  INFO [main] FunctionLibrary:51 - Clicking on proceedToCheckout
2019-09-13 13:23:31,775  INFO [main] FunctionLibrary:27 - Setting Browser Config
2019-09-13 13:24:53,011  INFO [main] FunctionLibrary:37 - opening website..
2019-09-13 13:26:12,080  INFO [main] FunctionLibrary:98 - Typing   mobile   Into  twotabsearchtextbox
2019-09-13 13:26:14,904  INFO [main] FunctionLibrary:51 - Clicking on //*[@id="nav-search"]/form/div[2]/div/input
2019-09-13 13:26:24,726  INFO [main] FunctionLibrary:51 - Clicking on //*[@id="p_n_operating_system_browse-bin/1485077031"]/span/a/div/label/input
2019-09-13 13:26:43,831  INFO [main] FunctionLibrary:51 - Clicking on //*[@id="p_89/Mi"]/span/a/span
2019-09-13 13:26:53,303  INFO [main] FunctionLibrary:51 - Clicking on //*[contains(text(),'?5,000 - ?10,000')]
2019-09-13 13:27:03,338  INFO [main] FunctionLibrary:51 - Clicking on //*[contains(text(),'Redmi 6 Pro (Black, 3GB RAM, 32GB Storage)')]
2019-09-13 13:27:05,853  INFO [main] FunctionLibrary:84 - changing Driver Focus
2019-09-13 13:27:18,979  INFO [main] FunctionLibrary:51 - Clicking on //*[@id='add-to-cart-button']
2019-09-13 13:27:26,198  INFO [main] FunctionLibrary:51 - Clicking on //*[@id="hlb-view-cart-announce"]
2019-09-13 13:27:27,967  INFO [main] FunctionLibrary:43 - performing Selection Action.
2019-09-13 13:27:29,785  INFO [main] FunctionLibrary:51 - Clicking on proceedToCheckout
2019-09-13 23:08:42,978  INFO [main] FunctionLibrary:27 - Setting Browser Config
2019-09-13 23:09:09,313  INFO [main] FunctionLibrary:37 - opening website..
2019-09-13 23:09:35,958  INFO [main] FunctionLibrary:98 - Typing   mobile   Into  twotabsearchtextbox
2019-09-13 23:09:40,844  INFO [main] FunctionLibrary:51 - Clicking on //*[@id="nav-search"]/form/div[2]/div/input
2019-09-13 23:09:47,433  INFO [main] FunctionLibrary:51 - Clicking on //*[@id="p_n_operating_system_browse-bin/1485077031"]/span/a/div/label/input
2019-09-13 23:10:04,185  INFO [main] FunctionLibrary:51 - Clicking on //*[@id="p_89/Mi"]/span/a/span
2019-09-13 23:10:13,298  INFO [main] FunctionLibrary:51 - Clicking on //*[contains(text(),'?5,000 - ?10,000')]
2019-09-13 23:10:20,890  INFO [main] FunctionLibrary:51 - Clicking on //*[contains(text(),'Redmi 6 Pro (Black, 3GB RAM, 32GB Storage)')]
2019-09-13 23:10:25,763  INFO [main] FunctionLibrary:84 - changing Driver Focus
2019-09-13 23:10:27,460  INFO [main] FunctionLibrary:51 - Clicking on //*[@id='add-to-cart-button']
2019-09-13 23:10:38,502  INFO [main] FunctionLibrary:51 - Clicking on //*[@id="hlb-view-cart-announce"]
2019-09-13 23:10:42,232  INFO [main] FunctionLibrary:43 - performing Selection Action.
2019-09-13 23:10:42,922  INFO [main] FunctionLibrary:51 - Clicking on proceedToCheckout
2019-09-13 23:10:50,195 DEBUG [main] cache:45 - Couldn't find template in cache for "Extent.ftl"("en_US", UTF-8, parsed); will try to load it.
2019-09-13 23:10:50,198 DEBUG [main] cache:45 - TemplateLoader.findTemplateSource("Extent_en_US.ftl"): Not found
2019-09-13 23:10:50,201 DEBUG [main] cache:45 - TemplateLoader.findTemplateSource("Extent_en.ftl"): Not found
2019-09-13 23:10:50,205 DEBUG [main] cache:45 - TemplateLoader.findTemplateSource("Extent.ftl"): Found
2019-09-13 23:10:50,206 DEBUG [main] cache:45 - Loading template for "Extent.ftl"("en_US", UTF-8, parsed) from "jar:file:/C:/Users/Mounika/.m2/repository/com/relevantcodes/extentreports/2.41.2/extentreports-2.41.2.jar!/com/relevantcodes/extentreports/view/Extent.ftl"
2019-09-13 23:10:50,674 DEBUG [main] cache:45 - Couldn't find template in cache for "Extent.ftl"("en_US", UTF-8, parsed); will try to load it.
2019-09-13 23:10:50,675 DEBUG [main] cache:45 - TemplateLoader.findTemplateSource("Extent_en_US.ftl"): Not found
2019-09-13 23:10:50,675 DEBUG [main] cache:45 - TemplateLoader.findTemplateSource("Extent_en.ftl"): Not found
2019-09-13 23:10:50,675 DEBUG [main] cache:45 - TemplateLoader.findTemplateSource("Extent.ftl"): Found
2019-09-13 23:10:50,676 DEBUG [main] cache:45 - Loading template for "Extent.ftl"("en_US", UTF-8, parsed) from "jar:file:/C:/Users/Mounika/.m2/repository/com/relevantcodes/extentreports/2.41.2/extentreports-2.41.2.jar!/com/relevantcodes/extentreports/view/Extent.ftl"
2019-09-13 23:13:51,960  INFO [main] FunctionLibrary:27 - Setting Browser Config
2019-09-13 23:13:59,081  INFO [main] FunctionLibrary:37 - opening website..
2019-09-13 23:14:09,508  INFO [main] FunctionLibrary:98 - Typing   mobile   Into  twotabsearchtextbox
2019-09-13 23:14:10,045  INFO [main] FunctionLibrary:51 - Clicking on //*[@id="nav-search"]/form/div[2]/div/input
2019-09-13 23:14:22,119  INFO [main] FunctionLibrary:51 - Clicking on //*[@id="p_n_operating_system_browse-bin/1485077031"]/span/a/div/label/input
2019-09-13 23:14:32,870  INFO [main] FunctionLibrary:51 - Clicking on //*[@id="p_89/Mi"]/span/a/span
2019-09-13 23:14:42,133  INFO [main] FunctionLibrary:51 - Clicking on //*[contains(text(),'?5,000 - ?10,000')]
2019-09-13 23:14:47,706  INFO [main] FunctionLibrary:51 - Clicking on //*[contains(text(),'Redmi 6 Pro (Black, 3GB RAM, 32GB Storage)')]
2019-09-13 23:14:53,119  INFO [main] FunctionLibrary:84 - changing Driver Focus
2019-09-13 23:15:00,220  INFO [main] FunctionLibrary:51 - Clicking on //*[@id='add-to-cart-button']
2019-09-13 23:15:05,785  INFO [main] FunctionLibrary:51 - Clicking on //*[@id="hlb-view-cart-announce"]
2019-09-13 23:15:08,098  INFO [main] FunctionLibrary:43 - performing Selection Action.
2019-09-13 23:15:08,641  INFO [main] FunctionLibrary:51 - Clicking on proceedToCheckout
2019-09-13 23:15:15,984 DEBUG [main] cache:45 - Couldn't find template in cache for "Extent.ftl"("en_US", UTF-8, parsed); will try to load it.
2019-09-13 23:15:15,987 DEBUG [main] cache:45 - TemplateLoader.findTemplateSource("Extent_en_US.ftl"): Not found
2019-09-13 23:15:15,990 DEBUG [main] cache:45 - TemplateLoader.findTemplateSource("Extent_en.ftl"): Not found
2019-09-13 23:15:15,995 DEBUG [main] cache:45 - TemplateLoader.findTemplateSource("Extent.ftl"): Found
2019-09-13 23:15:15,996 DEBUG [main] cache:45 - Loading template for "Extent.ftl"("en_US", UTF-8, parsed) from "jar:file:/C:/Users/Mounika/.m2/repository/com/relevantcodes/extentreports/2.41.2/extentreports-2.41.2.jar!/com/relevantcodes/extentreports/view/Extent.ftl"
2019-09-13 23:15:16,646 DEBUG [main] cache:45 - Couldn't find template in cache for "Extent.ftl"("en_US", UTF-8, parsed); will try to load it.
2019-09-13 23:15:16,646 DEBUG [main] cache:45 - TemplateLoader.findTemplateSource("Extent_en_US.ftl"): Not found
2019-09-13 23:15:16,647 DEBUG [main] cache:45 - TemplateLoader.findTemplateSource("Extent_en.ftl"): Not found
2019-09-13 23:15:16,647 DEBUG [main] cache:45 - TemplateLoader.findTemplateSource("Extent.ftl"): Found
2019-09-13 23:15:16,648 DEBUG [main] cache:45 - Loading template for "Extent.ftl"("en_US", UTF-8, parsed) from "jar:file:/C:/Users/Mounika/.m2/repository/com/relevantcodes/extentreports/2.41.2/extentreports-2.41.2.jar!/com/relevantcodes/extentreports/view/Extent.ftl"
